<?xml version="1.0" encoding="UTF-8"?>
<testsuite name="kr.ac.jejunu.user.UserDaoTests" tests="4" skipped="0" failures="0" errors="0" timestamp="2023-04-14T08:04:41" hostname="min-MacBook-Pro.local" time="0.603">
  <properties/>
  <testcase name="delete()" classname="kr.ac.jejunu.user.UserDaoTests" time="0.497"/>
  <testcase name="insert()" classname="kr.ac.jejunu.user.UserDaoTests" time="0.035"/>
  <testcase name="update()" classname="kr.ac.jejunu.user.UserDaoTests" time="0.053"/>
  <testcase name="get()" classname="kr.ac.jejunu.user.UserDaoTests" time="0.016"/>
  <system-out><![CDATA[]]></system-out>
  <system-err><![CDATA[]]></system-err>
</testsuite>
