<?xml version="1.0" encoding="UTF-8"?>
<testsuite name="kr.ac.jejunu.user.UserDaoTests" tests="4" skipped="0" failures="0" errors="0" timestamp="2023-03-24T08:49:02" hostname="min-MacBook-Pro.local" time="0.911">
  <properties/>
  <testcase name="getForHalla()" classname="kr.ac.jejunu.user.UserDaoTests" time="0.661"/>
  <testcase name="insert()" classname="kr.ac.jejunu.user.UserDaoTests" time="0.115"/>
  <testcase name="get()" classname="kr.ac.jejunu.user.UserDaoTests" time="0.05"/>
  <testcase name="insertForHalla()" classname="kr.ac.jejunu.user.UserDaoTests" time="0.083"/>
  <system-out><![CDATA[]]></system-out>
  <system-err><![CDATA[]]></system-err>
</testsuite>
