<?xml version="1.0" encoding="UTF-8"?>
<testsuite name="kr.ac.jejunu.user.UserDaoTests" tests="4" skipped="0" failures="0" errors="0" timestamp="2023-04-09T12:40:36" hostname="min-MacBook-Pro.local" time="1.494">
  <properties/>
  <testcase name="delete()" classname="kr.ac.jejunu.user.UserDaoTests" time="1.158"/>
  <testcase name="insert()" classname="kr.ac.jejunu.user.UserDaoTests" time="0.096"/>
  <testcase name="update()" classname="kr.ac.jejunu.user.UserDaoTests" time="0.171"/>
  <testcase name="get()" classname="kr.ac.jejunu.user.UserDaoTests" time="0.062"/>
  <system-out><![CDATA[]]></system-out>
  <system-err><![CDATA[]]></system-err>
</testsuite>
